0.000322581
0.000741935
0.000645161
0.000225806
-6.45161e-05
9.67742e-05
0.000322581
0.000548387
0.00083871
0.000645161
0.000483871
0.000225806
-6.45161e-05
0.000129032
0.000354839
0.000548387
0.00083871
0.000677419
0.000483871
0.000225806
-9.67742e-05
9.67742e-05
0.000322581
0.000645161
0.00109677
0.000870968
0.000612903
0.00016129
-0.000322581
0
0.000322581
0.000677419
0.00109677
0.00083871
0.000580645
0.000193548
-0.000290323
-3.22581e-05
0.000290323
0.000709677
0.00109677
0.000870968
0.000580645
0.00016129
-0.000322581
-3.22581e-05
0.000290323
0.000677419
0.00109677
0.00219355
0.00190323
0.0016129
0.00125807
0.00083871
0.000322581
-0.000322581
-3.22581e-05
0.000322581
0.000677419
0.00116129
0.00167742
0.0026129
0.00235484
0.00203226
0.00164516
0.00119355
0.000677419
3.22581e-05
0.000387097
0.000709677
0.00106452
0.00158065
0.00209677
0.00290323
0.0026129
0.00225807
0.00183871
0.0013871
0.000870968
0.000258065
0.000580645
0.000903226
0.00129032
0.002
0.00277419
0.00490323
0.00441935
0.00380645
0.00319355
0.00267742
0.00129032
-0.000548387
-9.67742e-05
0.000483871
0.00116129
0.002
0.00387097
0.00593548
0.0053871
0.00480645
0.00419355
0.0036129
0.00187097
-0.000354839
9.67742e-05
0.000645161
0.00129032
0.00222581
0.00370968
0.00619355
0.0056129
0.00496774
0.0043871
0.00377419
0.00183871
-0.000354839
6.45161e-05
0.000580645
0.00125807
0.00319355
0.00629032
0.00845161
0.0108387
0.00993548
0.00909677
0.00767742
0.00767742
0.00387097
-0.000709677
-0.00303226
-0.00545161
-0.00480645
-0.00390323
-0.00193548
0.0023871
0.00709677
0.009
0.0109355
0.00996774
0.00906452
0.00764516
0.00345161
-0.00132258
-0.00348387
-0.00580645
-0.00516129
-0.00422581
-0.00190323
0.00267742
0.00506452
0.00719355
0.00916129
0.0108065
0.0127419
0.0147097
0.013871
0.0127742
0.0116129
0.00832258
0.0033871
0.00106452
-0.00132258
-0.00364516
-0.00596774
-0.00835484
-0.0106129
-0.0100323
-0.00896774
-0.00712903
-0.00251613
0.0023871
0.00487097
0.00712903
0.00912903
0.010871
0.0128065
0.0147742
0.0139032
0.0127419
0.0114516
0.00796774
0.00293548
0.000516129
-0.00187097
-0.00429032
-0.00883871
-0.0110645
-0.0110645
-0.0104194
-0.00929032
-0.00719355
-0.00258064
0.00354839
0
0
