6.45161e-05
-0.000193548
0
0.000129032
0.000193548
0.000258065
0.000225806
0.00016129
6.45161e-05
-0.00016129
-3.22581e-05
0.00016129
0.000225806
0.000290323
0.000225806
0.000193548
6.45161e-05
-0.000129032
0
0.00016129
0.000225806
0.000258065
0.000258065
0.000193548
3.22581e-05
-0.000193548
-6.45161e-05
0.000129032
0.000225806
0.000322581
0.000354839
0.000290323
0.00016129
3.22581e-05
-0.000225806
-3.22581e-05
0.00016129
0.000225806
0.000322581
0.000290323
0.00016129
3.22581e-05
-0.000193548
0
0.00016129
0.000225806
0.000322581
0.000258065
0.00016129
0
-0.000225806
-0.000290323
-0.000258065
-3.22581e-05
0.000129032
0.000193548
0.000322581
0.000419355
0.000354839
0.000290323
0.000193548
0
-0.00016129
-0.000322581
-0.000258065
0
0.000129032
0.000225806
0.000387097
0.000451613
0.000419355
0.000322581
0.000193548
3.22581e-05
-0.00016129
-0.000322581
-0.000225806
0
0.000129032
0.000225806
0.000387097
0.000483871
0.000419355
0.000322581
0.000193548
0
-0.000290323
-0.000580645
-0.000387097
-0.00016129
6.45161e-05
0.000258065
0.000387097
0.000483871
0.000419355
0.000322581
0.00016129
0
-0.000258065
-0.000548387
-0.000387097
-9.67742e-05
0.000129032
0.000290323
0.000451613
0.000516129
0.000387097
0.000322581
0.000193548
0
-0.000290323
-0.000516129
-0.000354839
-9.67742e-05
0.00016129
0.000290323
0.000419355
0.000548387
0.000419355
0.000354839
0.000193548
-0.00016129
-0.000548387
-0.000903226
-0.00177419
-0.00151613
-0.00112903
-0.00083871
-0.000483871
-0.00016129
0.000387097
0.000967742
0.000935484
0.000709677
0.000451613
3.22581e-05
-0.000548387
-0.001
-0.00151613
-0.00125807
-0.000903226
-0.000483871
-0.000258065
0.000193548
0.000451613
0.000935484
0.000903226
0.000806452
0.000516129
0.000193548
0
-0.000419355
-0.000967742
-0.00145161
-0.00196774
-0.00264516
-0.00229032
-0.00180645
-0.0013871
-0.00112903
-0.000741935
-0.000419355
3.22581e-05
0.00125807
0.000548387
0.000290323
0
-0.000387097
-0.000870968
-0.00141935
-0.00212903
-0.00251613
-0.00206452
-0.00167742
-0.00132258
-0.000935484
-0.000548387
-9.67742e-05
0.000451613
0.00122581
0.00280645
0.00390323
0.00545161
0.00532258
0.00519355
0.005
0.00451613
0.00383871
0.00309677
0.00222581
0.00132258
0.000483871
-0.00135484
-0.00523
-0.00812903
-0.006
-0.00348387
-0.000580645
0.000322581
0.000870968
0.00141935
0.00229032
0.00364516
0.00441935
0.00577419
0.00680645
0.00677419
0.00658065
0.0063871
0.00593548
0.00470968
0.00332258
0.00232258
0.00170968
0.000516129
-0.00158065
-0.00467742
-0.00603226
-0.00722581
-0.00667742
-0.00596774
-0.00377419
9.67742e-05
0.00206452
0.00416129
0.00658065
0.00835484
0.0102903
0.0123871
0.0137742
0.0158387
0.0155806
0.0150323
0.0125484
0.00993548
0.008
0.00612903
0.00322581
0.00109677
-0.00167742
-0.00206452
-0.00416129
-0.00658065
-0.00835484
-0.0102903
-0.0123871
-0.0137742
-0.0158387
-0.0155806
-0.0150323
-0.0125484
-0.00993548
-0.008
-0.00612903
0
0
