67.8516
-140.188
56.5903
123.562
133.179
137.3
103.408
37.6896
-41.9797
-117.238
11.7546
109.326
120.474
127.29
60.2609
28.8276
-63.3625
-115.355
13.4347
101.91
116.123
120.913
120.913
53.7398
-70.6161
-123.281
3.38811
99.4154
116.55
125.834
127.96
61.3914
-40.4996
-90.8125
-124.447
41.1908
103.241
112.387
121.467
87.6918
-25.6545
-84.8718
-120.99
45.6928
101.091
111.585
121.636
55.1788
-25.5202
-93.4075
-123.347
-127.17
-93.4902
64.511
103.048
111.237
121.848
126.896
61.4202
7.07814
-48.2643
-99.2414
-116.42
-125.467
-60.1976
79.7564
103.091
113.3
123.642
126.444
92.9153
8.06131
-58.3795
-96.4283
-116.336
-124.837
-31.3417
78.6533
101.97
112.265
122.779
126.889
61.9491
-11.9213
-67.1979
-103.493
-123.791
-132.423
19.5301
84.9333
109.475
120.055
124.726
127.488
63.5913
-6.66897
-68.1449
-96.2663
-116.895
-127.7
6.89789
92.4979
113.487
121.514
126.911
128.614
14.5206
-22.0021
-66.7775
-98.8278
-119.142
-127.013
7.49297
88.1214
113.774
120.433
125.22
128.844
15.0568
-21.2942
-73.3167
-113.529
-128.143
-134.917
-144.271
24.4482
90.1779
107.343
118.534
124.901
132.223
137.822
105.136
-28.7629
-80.7347
-110.818
-126.855
-133.696
-139.328
27.6689
89.3491
112.647
119.234
127.832
131.338
136.552
103.867
28.3753
-67.7242
-101.293
-111.322
-123.99
-133.186
-138.668
-143.31
-148.453
42.5419
95.1662
110.782
116.577
122.858
126.866
131.447
141.057
-94.041
-108.154
-117.757
-125.948
-132.83
-138.57
-144.487
-147.327
60.75
95.7194
109.572
118.358
124.316
129.544
134.608
140.552
150.818
157.308
166.087
60.2523
3.37721
-40.1316
-81.2843
-101.063
-111.708
-119.999
-126.806
-132.39
-143.521
-165.188
-180.867
94.2623
115.903
133.517
138.636
141.703
144.746
149.541
156.928
161.121
168.421
173.959
141.638
23.3854
-25.929
-69.5378
-100.707
-114.466
-121.734
-125.76
-133.107
-145.205
-162.289
-169.629
-176.056
42.1187
82.561
112.045
136.963
148.06
159.569
172.647
182.158
192.487
203.638
211
221.94
60.6372
-17.6347
-65.1643
-83.1468
-94.5069
-104.997
-120.853
-132.317
-147.146
-149.209
-160.36
-173.195
-182.59
-192.829
-203.91
-211.235
-222.133
-60.9928
17.347
65.0665
83.0918
94.4658
104.964
138.172
138.172
