69.6774
130.09
109.187
18.6342
-42.9344
-8.09567
40.6786
89.3515
129.092
87.2854
52.463
-2.71821
-59.4375
-17.6312
31.1429
72.8812
123.435
88.5965
46.8186
-8.10946
-68.5221
-26.7156
22.0586
91.318
130.79
82.0427
27.2218
-54.0244
-100.974
-31.3651
35.4471
90.4424
118.851
63.1962
9.25362
-57.2167
-101.779
-46.0491
22.3376
91.6868
119.061
70.3348
9.45203
-61.3846
-103.467
-40.7886
26.9239
89.3563
118.686
132.41
71.1069
17.929
-30.2244
-66.17
-91.0763
-107.479
-46.1711
16.2548
58.4358
90.9297
108.557
123.191
68.9667
12.0241
-35.5079
-68.9271
-90.5435
-105.522
-31.6998
22.0869
61.9296
94.0328
110.248
122.817
62.5782
3.79133
-41.8741
-71.0723
-90.511
-103.97
-36.5556
18.3526
62.1996
101.262
118.405
134.525
43.0722
-25.3611
-60.8288
-78.303
-102.517
-117.02
-31.0618
35.4526
74.3758
98.2232
120.914
132.414
33.1865
-25.8594
-59.0215
-77.2823
-103.537
-118.067
-32.863
30.0434
68.8639
96.5079
116.471
131.843
28.66
-32.1571
-60.8964
-78.8721
-105.312
-118.538
-38.5273
23.6236
66.5662
110.602
131.926
140.101
147.315
11.8571
-39.3368
-75.3121
-75.3121
-106.693
-123.319
-129.872
-136.168
-28.8649
39.4851
89.5863
120.788
136.961
142.28
147.365
8.50173
-41.4268
-74.6775
-107.437
-124.296
-130.371
-136.445
-29.299
40.3544
93.6324
122.652
131.071
137.468
142.873
147.155
152.005
156.788
29.9514
-33.6422
-61.8561
-92.8662
-112.749
-119.626
-126.072
-131.984
-137.67
-143.354
-148.627
-50.0709
29.764
75.5855
109.418
126.267
133.167
139.026
144.006
148.231
152.834
157.439
28.2235
-35.5377
-64.2766
-94.3378
-113.811
-120.856
-127.236
-133.354
-144.305
-149.502
-149.502
-43.3265
34.1535
79.6009
110.035
129.82
-95.4089
-95.4089
